[15:11:33] [ServerMain/INFO]: Environment: Environment[sessionHost=https://sessionserver.mojang.com, servicesHost=https://api.minecraftservices.com, name=PROD]
[15:11:35] [ServerMain/INFO]: Loaded 1290 recipes
[15:11:35] [ServerMain/INFO]: Loaded 1399 advancements
[15:11:36] [Server thread/INFO]: Starting minecraft server version 1.21.1
[15:11:36] [Server thread/INFO]: Loading properties
[15:11:36] [Server thread/INFO]: Default game type: SURVIVAL
[15:11:36] [Server thread/INFO]: Generating keypair
[15:11:36] [Server thread/INFO]: Starting Minecraft server on *:25565
[15:11:36] [Server thread/INFO]: Using default channel type
[15:11:36] [Server thread/WARN]: **** SERVER IS RUNNING IN OFFLINE/INSECURE MODE!
[15:11:36] [Server thread/WARN]: The server will make no attempt to authenticate usernames. Beware.
[15:11:36] [Server thread/WARN]: While this makes the game possible to play without internet access, it also opens up the ability for hackers to connect with any username they choose.
[15:11:36] [Server thread/WARN]: To change this, set "online-mode" to "true" in the server.properties file.
[15:11:36] [Server thread/INFO]: Preparing level "world"
[15:11:38] [Server thread/INFO]: Preparing start region for dimension minecraft:overworld
[15:11:38] [Worker-Main-4/INFO]: Preparing spawn area: 0%
[15:11:39] [Server thread/INFO]: Time elapsed: 479 ms
[15:11:39] [Server thread/INFO]: Done (2.386s)! For help, type "help"
[15:11:45] [Server thread/INFO]: yukonseeme[/127.0.0.1:61944] logged in with entity id 8 at (132.5, 80.0, -148.5)
[15:11:45] [Server thread/INFO]: yukonseeme joined the game
[15:11:53] [Server thread/INFO]: lucas[/[0:0:0:0:0:0:0:1]:61947] logged in with entity id 87 at (130.5, 80.0, -145.5)
[15:11:53] [Server thread/INFO]: lucas joined the game
